[INFO] - 09/10/2023, 03:45:48,0 - BOOT :: App is starting with environment :: dev
[INFO] - 09/10/2023, 03:45:48,93 - BOOT :: Initialising express app with tyboost
[INFO] - 09/10/2023, 03:45:48,102 - BOOT :: Registering core middleware started
[INFO] - 09/10/2023, 03:45:48,117 - BOOT :: Registered middleware : bodyParser
[INFO] - 09/10/2023, 03:45:48,119 - BOOT :: Registered middleware : cors(*)
[INFO] - 09/10/2023, 03:45:48,129 - BOOT :: Registered middleware : helmet
[INFO] - 09/10/2023, 03:45:48,131 - BOOT :: Registering core middleware done
[INFO] - 09/10/2023, 03:45:48,133 - BOOT :: Registering Applications And Services started
[INFO] - 09/10/2023, 03:45:48,141 - BOOT :: Registering applications & services done
[INFO] - 09/10/2023, 03:45:48,144 - BOOT :: Registering routes started
[INFO] - 09/10/2023, 03:45:48,146 - BOOT :: Registered following routes
[INFO] - 09/10/2023, 03:45:48,167 - 
[90mâ”Œâ”€â”€â”€â”€â”€â”€â”€â”€â”¬â”€â”€â”€â”€â”€â”€â”€â”€â”€â”€â”[39m
[90mâ”‚[39m[31m Method [39m[90mâ”‚[39m[31m Endpoint [39m[90mâ”‚[39m
[90mâ”œâ”€â”€â”€â”€â”€â”€â”€â”€â”¼â”€â”€â”€â”€â”€â”€â”€â”€â”€â”€â”¤[39m
[90mâ”‚[39m[31m GET    [39m[90mâ”‚[39m /api/v1/ [90mâ”‚[39m
[90mâ””â”€â”€â”€â”€â”€â”€â”€â”€â”´â”€â”€â”€â”€â”€â”€â”€â”€â”€â”€â”˜[39m
[INFO] - 09/10/2023, 03:45:48,171 - BOOT :: Registering routes done
[INFO] - 09/10/2023, 03:45:48,178 - BOOT :: Registering initializer started
[INFO] - 09/10/2023, 03:45:48,180 - BOOT :: Registered initializer : data
[INFO] - 09/10/2023, 03:45:48,181 - BOOT :: Registering initializer done
[INFO] - 09/10/2023, 03:45:48,182 - BOOT :: Booting application started
[INFO] - 09/10/2023, 03:45:48,188 - BOOT :: Booting application done
[INFO] - 09/10/2023, 03:45:48,290 - BOOT :: Listening on localhost:8080
