[INFO] - 09/10/2023, 03:54:21,827 - BOOT :: App is starting with environment :: dev
[INFO] - 09/10/2023, 03:54:21,854 - BOOT :: Initialising express app with tyboost
[INFO] - 09/10/2023, 03:54:21,856 - BOOT :: Registering core middleware started
[INFO] - 09/10/2023, 03:54:21,859 - BOOT :: Registered middleware : bodyParser
[INFO] - 09/10/2023, 03:54:21,860 - BOOT :: Registered middleware : cors(*)
[INFO] - 09/10/2023, 03:54:21,863 - BOOT :: Registered middleware : helmet
[INFO] - 09/10/2023, 03:54:21,864 - BOOT :: Registering core middleware done
[INFO] - 09/10/2023, 03:54:21,864 - BOOT :: Registering Applications And Services started
[INFO] - 09/10/2023, 03:54:21,867 - BOOT :: Registering applications & services done
[INFO] - 09/10/2023, 03:54:21,869 - BOOT :: Registering routes started
[INFO] - 09/10/2023, 03:54:21,870 - BOOT :: Registered following routes
[INFO] - 09/10/2023, 03:54:21,875 - 
[90mâ”Œâ”€â”€â”€â”€â”€â”€â”€â”€â”¬â”€â”€â”€â”€â”€â”€â”€â”€â”€â”€â”[39m
[90mâ”‚[39m[31m Method [39m[90mâ”‚[39m[31m Endpoint [39m[90mâ”‚[39m
[90mâ”œâ”€â”€â”€â”€â”€â”€â”€â”€â”¼â”€â”€â”€â”€â”€â”€â”€â”€â”€â”€â”¤[39m
[90mâ”‚[39m[31m GET    [39m[90mâ”‚[39m /api/v1/ [90mâ”‚[39m
[90mâ””â”€â”€â”€â”€â”€â”€â”€â”€â”´â”€â”€â”€â”€â”€â”€â”€â”€â”€â”€â”˜[39m
[INFO] - 09/10/2023, 03:54:21,877 - BOOT :: Registering routes done
[INFO] - 09/10/2023, 03:54:21,878 - BOOT :: Registering initializer started
[INFO] - 09/10/2023, 03:54:21,881 - BOOT :: Registered initializer : data
[INFO] - 09/10/2023, 03:54:21,886 - BOOT :: Registering initializer done
[INFO] - 09/10/2023, 03:54:21,887 - BOOT :: Booting application started
[INFO] - 09/10/2023, 03:54:21,893 - BOOT :: Booting application done
[INFO] - 09/10/2023, 03:54:21,965 - BOOT :: Listening on localhost:8080
