[INFO] - 09/10/2023, 03:43:47,263 - BOOT :: App is starting with environment :: dev
[INFO] - 09/10/2023, 03:43:47,381 - BOOT :: Initialising express app with tyboost
[INFO] - 09/10/2023, 03:43:47,410 - BOOT :: Registering core middleware started
[INFO] - 09/10/2023, 03:43:47,436 - BOOT :: Registered middleware : bodyParser
[INFO] - 09/10/2023, 03:43:47,441 - BOOT :: Registered middleware : cors(*)
[INFO] - 09/10/2023, 03:43:47,466 - BOOT :: Registered middleware : helmet
[INFO] - 09/10/2023, 03:43:47,473 - BOOT :: Registering core middleware done
[INFO] - 09/10/2023, 03:43:47,483 - BOOT :: Registering Applications And Services started
[INFO] - 09/10/2023, 03:43:47,486 - BOOT :: Registering applications & services done
[INFO] - 09/10/2023, 03:43:47,492 - BOOT :: Registering routes started
[INFO] - 09/10/2023, 03:43:47,498 - BOOT :: Registered following routes
[INFO] - 09/10/2023, 03:43:47,508 - 
[90mâ”Œâ”€â”€â”€â”€â”€â”€â”€â”€â”¬â”€â”€â”€â”€â”€â”€â”€â”€â”€â”€â”[39m
[90mâ”‚[39m[31m Method [39m[90mâ”‚[39m[31m Endpoint [39m[90mâ”‚[39m
[90mâ”œâ”€â”€â”€â”€â”€â”€â”€â”€â”¼â”€â”€â”€â”€â”€â”€â”€â”€â”€â”€â”¤[39m
[90mâ”‚[39m[31m GET    [39m[90mâ”‚[39m /api/v1/ [90mâ”‚[39m
[90mâ””â”€â”€â”€â”€â”€â”€â”€â”€â”´â”€â”€â”€â”€â”€â”€â”€â”€â”€â”€â”˜[39m
[INFO] - 09/10/2023, 03:43:47,518 - BOOT :: Registering routes done
[INFO] - 09/10/2023, 03:43:47,532 - BOOT :: Registering initializer started
[INFO] - 09/10/2023, 03:43:47,536 - BOOT :: Registered initializer : data
[INFO] - 09/10/2023, 03:43:47,538 - BOOT :: Registering initializer done
[INFO] - 09/10/2023, 03:43:47,543 - BOOT :: Booting application started
[INFO] - 09/10/2023, 03:43:47,555 - BOOT :: Booting application done
[INFO] - 09/10/2023, 03:43:47,695 - BOOT :: Listening on localhost:8080
