[INFO] - 09/10/2023, 03:57:15,583 - BOOT :: App is starting with environment :: dev
[INFO] - 09/10/2023, 03:57:15,613 - BOOT :: Initialising express app with tyboost
[INFO] - 09/10/2023, 03:57:15,615 - BOOT :: Registering core middleware started
[INFO] - 09/10/2023, 03:57:15,619 - BOOT :: Registered middleware : bodyParser
[INFO] - 09/10/2023, 03:57:15,620 - BOOT :: Registered middleware : cors(*)
[INFO] - 09/10/2023, 03:57:15,623 - BOOT :: Registered middleware : helmet
[INFO] - 09/10/2023, 03:57:15,624 - BOOT :: Registering core middleware done
[INFO] - 09/10/2023, 03:57:15,626 - BOOT :: Registering Applications And Services started
[INFO] - 09/10/2023, 03:57:15,628 - BOOT :: Registering applications & services done
[INFO] - 09/10/2023, 03:57:15,629 - BOOT :: Registering routes started
[INFO] - 09/10/2023, 03:57:15,630 - BOOT :: Registered following routes
[INFO] - 09/10/2023, 03:57:15,635 - 
[90mâ”Œâ”€â”€â”€â”€â”€â”€â”€â”€â”¬â”€â”€â”€â”€â”€â”€â”€â”€â”€â”€â”[39m
[90mâ”‚[39m[31m Method [39m[90mâ”‚[39m[31m Endpoint [39m[90mâ”‚[39m
[90mâ”œâ”€â”€â”€â”€â”€â”€â”€â”€â”¼â”€â”€â”€â”€â”€â”€â”€â”€â”€â”€â”¤[39m
[90mâ”‚[39m[31m GET    [39m[90mâ”‚[39m /api/v1/ [90mâ”‚[39m
[90mâ””â”€â”€â”€â”€â”€â”€â”€â”€â”´â”€â”€â”€â”€â”€â”€â”€â”€â”€â”€â”˜[39m
[INFO] - 09/10/2023, 03:57:15,637 - BOOT :: Registering routes done
[INFO] - 09/10/2023, 03:57:15,638 - BOOT :: Registering initializer started
[INFO] - 09/10/2023, 03:57:15,639 - BOOT :: Registered initializer : data
[INFO] - 09/10/2023, 03:57:15,640 - BOOT :: Registering initializer done
[INFO] - 09/10/2023, 03:57:15,641 - BOOT :: Booting application started
[INFO] - 09/10/2023, 03:57:15,647 - BOOT :: Booting application done
[INFO] - 09/10/2023, 03:57:15,710 - BOOT :: Listening on localhost:8080
