[INFO] - 09/10/2023, 03:50:48,505 - BOOT :: App is starting with environment :: dev
[INFO] - 09/10/2023, 03:50:48,528 - BOOT :: Initialising express app with tyboost
[INFO] - 09/10/2023, 03:50:48,531 - BOOT :: Registering core middleware started
[INFO] - 09/10/2023, 03:50:48,533 - BOOT :: Registered middleware : bodyParser
[INFO] - 09/10/2023, 03:50:48,535 - BOOT :: Registered middleware : cors(*)
[INFO] - 09/10/2023, 03:50:48,542 - BOOT :: Registered middleware : helmet
[INFO] - 09/10/2023, 03:50:48,543 - BOOT :: Registering core middleware done
[INFO] - 09/10/2023, 03:50:48,545 - BOOT :: Registering Applications And Services started
[INFO] - 09/10/2023, 03:50:48,546 - BOOT :: Registering applications & services done
[INFO] - 09/10/2023, 03:50:48,547 - BOOT :: Registering routes started
[INFO] - 09/10/2023, 03:50:48,547 - BOOT :: Registered following routes
[INFO] - 09/10/2023, 03:50:48,552 - 
[90mâ”Œâ”€â”€â”€â”€â”€â”€â”€â”€â”¬â”€â”€â”€â”€â”€â”€â”€â”€â”€â”€â”[39m
[90mâ”‚[39m[31m Method [39m[90mâ”‚[39m[31m Endpoint [39m[90mâ”‚[39m
[90mâ”œâ”€â”€â”€â”€â”€â”€â”€â”€â”¼â”€â”€â”€â”€â”€â”€â”€â”€â”€â”€â”¤[39m
[90mâ”‚[39m[31m GET    [39m[90mâ”‚[39m /api/v1/ [90mâ”‚[39m
[90mâ””â”€â”€â”€â”€â”€â”€â”€â”€â”´â”€â”€â”€â”€â”€â”€â”€â”€â”€â”€â”˜[39m
[INFO] - 09/10/2023, 03:50:48,554 - BOOT :: Registering routes done
[INFO] - 09/10/2023, 03:50:48,554 - BOOT :: Registering initializer started
[INFO] - 09/10/2023, 03:50:48,556 - BOOT :: Registered initializer : data
[INFO] - 09/10/2023, 03:50:48,559 - BOOT :: Registering initializer done
[INFO] - 09/10/2023, 03:50:48,560 - BOOT :: Booting application started
[INFO] - 09/10/2023, 03:50:48,563 - BOOT :: Booting application done
[INFO] - 09/10/2023, 03:50:48,632 - BOOT :: Listening on localhost:8080
