[INFO] - 09/10/2023, 04:24:53,983 - BOOT :: App is starting with environment :: dev
[INFO] - 09/10/2023, 04:24:54,9 - BOOT :: Initialising express app with tyboost
[INFO] - 09/10/2023, 04:24:54,11 - MicroService :: Initiating MicroService
[INFO] - 09/10/2023, 04:24:54,12 - BOOT :: Registering core middleware started
[INFO] - 09/10/2023, 04:24:54,16 - BOOT :: Registered middleware : bodyParser
[INFO] - 09/10/2023, 04:24:54,18 - BOOT :: Registered middleware : cors(*)
[INFO] - 09/10/2023, 04:24:54,22 - BOOT :: Registered middleware : helmet
[INFO] - 09/10/2023, 04:24:54,23 - BOOT :: Registering core middleware done
[INFO] - 09/10/2023, 04:24:54,25 - BOOT :: Registering Applications And Services started
[INFO] - 09/10/2023, 04:24:54,26 - BOOT :: Registering applications & services done
[INFO] - 09/10/2023, 04:24:54,26 - BOOT :: Registering routes started
[INFO] - 09/10/2023, 04:24:54,27 - BOOT :: Registered following routes
[INFO] - 09/10/2023, 04:24:54,32 - 
[90mâ”Œâ”€â”€â”€â”€â”€â”€â”€â”€â”¬â”€â”€â”€â”€â”€â”€â”€â”€â”€â”€â”[39m
[90mâ”‚[39m[31m Method [39m[90mâ”‚[39m[31m Endpoint [39m[90mâ”‚[39m
[90mâ”œâ”€â”€â”€â”€â”€â”€â”€â”€â”¼â”€â”€â”€â”€â”€â”€â”€â”€â”€â”€â”¤[39m
[90mâ”‚[39m[31m GET    [39m[90mâ”‚[39m /api/v1/ [90mâ”‚[39m
[90mâ””â”€â”€â”€â”€â”€â”€â”€â”€â”´â”€â”€â”€â”€â”€â”€â”€â”€â”€â”€â”˜[39m
[INFO] - 09/10/2023, 04:24:54,34 - BOOT :: Registering routes done
[INFO] - 09/10/2023, 04:24:54,36 - BOOT :: Registering initializer started
[INFO] - 09/10/2023, 04:24:54,38 - BOOT :: Registered initializer : data
[INFO] - 09/10/2023, 04:24:54,38 - BOOT :: Registering initializer done
[INFO] - 09/10/2023, 04:24:54,40 - BOOT :: Booting application started
[INFO] - 09/10/2023, 04:24:54,47 - BOOT :: Booting application done
[INFO] - 09/10/2023, 04:24:54,138 - BOOT :: Listening on localhost:8080
