[INFO] - 18/10/2023, 02:59:10,59 - MicroService :: MicroService is starting with environment :: dev
[INFO] - 18/10/2023, 02:59:10,173 - MicroService :: Initialising express MicroService with tyboost
[INFO] - 18/10/2023, 02:59:10,177 - MicroService :: Initiating MicroService
[INFO] - 18/10/2023, 02:59:10,178 - BOOT :: Registering core middleware started
[INFO] - 18/10/2023, 02:59:10,183 - BOOT :: Registered middleware : bodyParser
[INFO] - 18/10/2023, 02:59:10,185 - BOOT :: Registered middleware : cors(*)
[INFO] - 18/10/2023, 02:59:10,194 - BOOT :: Registered middleware : helmet
[INFO] - 18/10/2023, 02:59:10,195 - BOOT :: Registering core middleware done
[INFO] - 18/10/2023, 02:59:10,197 - BOOT :: Registering Applications And Services started
[INFO] - 18/10/2023, 02:59:10,199 - BOOT :: Registering applications & services done
[INFO] - 18/10/2023, 02:59:10,207 - BOOT :: Registering routes started
[INFO] - 18/10/2023, 02:59:10,215 - BOOT :: Registered following routes
[INFO] - 18/10/2023, 02:59:10,226 - 
[90mâ”Œâ”€â”€â”€â”€â”€â”€â”€â”€â”¬â”€â”€â”€â”€â”€â”€â”€â”€â”€â”€â”[39m
[90mâ”‚[39m[31m Method [39m[90mâ”‚[39m[31m Endpoint [39m[90mâ”‚[39m
[90mâ”œâ”€â”€â”€â”€â”€â”€â”€â”€â”¼â”€â”€â”€â”€â”€â”€â”€â”€â”€â”€â”¤[39m
[90mâ”‚[39m[31m GET    [39m[90mâ”‚[39m /api/v1/ [90mâ”‚[39m
[90mâ””â”€â”€â”€â”€â”€â”€â”€â”€â”´â”€â”€â”€â”€â”€â”€â”€â”€â”€â”€â”˜[39m
[INFO] - 18/10/2023, 02:59:10,229 - BOOT :: Registering routes done
[INFO] - 18/10/2023, 02:59:10,230 - BOOT :: Registering initializer started
[INFO] - 18/10/2023, 02:59:10,231 - BOOT :: Registered initializer : data
[INFO] - 18/10/2023, 02:59:10,232 - BOOT :: Registering initializer done
[INFO] - 18/10/2023, 02:59:10,233 - BOOT :: Booting application started
[INFO] - 18/10/2023, 02:59:10,234 - BOOT :: Booting Process Id (5956)
[INFO] - 18/10/2023, 02:59:10,241 - BOOT :: Booting application done
[INFO] - 18/10/2023, 02:59:10,344 - BOOT :: Listening on localhost:8080
