[INFO] - 09/10/2023, 03:55:54,39 - BOOT :: App is starting with environment :: dev
[INFO] - 09/10/2023, 03:55:54,63 - BOOT :: Initialising express app with tyboost
[INFO] - 09/10/2023, 03:55:54,65 - BOOT :: Registering core middleware started
[INFO] - 09/10/2023, 03:55:54,68 - BOOT :: Registered middleware : bodyParser
[INFO] - 09/10/2023, 03:55:54,69 - BOOT :: Registered middleware : cors(*)
[INFO] - 09/10/2023, 03:55:54,73 - BOOT :: Registered middleware : helmet
[INFO] - 09/10/2023, 03:55:54,74 - BOOT :: Registering core middleware done
[INFO] - 09/10/2023, 03:55:54,77 - BOOT :: Registering Applications And Services started
[INFO] - 09/10/2023, 03:55:54,77 - BOOT :: Registering applications & services done
[INFO] - 09/10/2023, 03:55:54,79 - BOOT :: Registering routes started
[INFO] - 09/10/2023, 03:55:54,83 - BOOT :: Registered following routes
[INFO] - 09/10/2023, 03:55:54,87 - 
[90mâ”Œâ”€â”€â”€â”€â”€â”€â”€â”€â”¬â”€â”€â”€â”€â”€â”€â”€â”€â”€â”€â”[39m
[90mâ”‚[39m[31m Method [39m[90mâ”‚[39m[31m Endpoint [39m[90mâ”‚[39m
[90mâ”œâ”€â”€â”€â”€â”€â”€â”€â”€â”¼â”€â”€â”€â”€â”€â”€â”€â”€â”€â”€â”¤[39m
[90mâ”‚[39m[31m GET    [39m[90mâ”‚[39m /api/v1/ [90mâ”‚[39m
[90mâ””â”€â”€â”€â”€â”€â”€â”€â”€â”´â”€â”€â”€â”€â”€â”€â”€â”€â”€â”€â”˜[39m
[INFO] - 09/10/2023, 03:55:54,89 - BOOT :: Registering routes done
[INFO] - 09/10/2023, 03:55:54,89 - BOOT :: Registering initializer started
[INFO] - 09/10/2023, 03:55:54,90 - BOOT :: Registered initializer : data
[INFO] - 09/10/2023, 03:55:54,91 - BOOT :: Registering initializer done
[INFO] - 09/10/2023, 03:55:54,91 - BOOT :: Booting application started
[INFO] - 09/10/2023, 03:55:54,94 - BOOT :: Booting application done
[INFO] - 09/10/2023, 03:55:54,169 - BOOT :: Listening on localhost:8080
