[INFO] - 09/10/2023, 03:57:04,293 - BOOT :: App is starting with environment :: dev
[INFO] - 09/10/2023, 03:57:04,316 - BOOT :: Initialising express app with tyboost
[INFO] - 09/10/2023, 03:57:04,318 - BOOT :: Registering core middleware started
[INFO] - 09/10/2023, 03:57:04,321 - BOOT :: Registered middleware : bodyParser
[INFO] - 09/10/2023, 03:57:04,323 - BOOT :: Registered middleware : cors(*)
[INFO] - 09/10/2023, 03:57:04,328 - BOOT :: Registered middleware : helmet
[INFO] - 09/10/2023, 03:57:04,328 - BOOT :: Registering core middleware done
[INFO] - 09/10/2023, 03:57:04,330 - BOOT :: Registering Applications And Services started
[INFO] - 09/10/2023, 03:57:04,330 - BOOT :: Registering applications & services done
[INFO] - 09/10/2023, 03:57:04,331 - BOOT :: Registering routes started
[INFO] - 09/10/2023, 03:57:04,332 - BOOT :: Registered following routes
[INFO] - 09/10/2023, 03:57:04,336 - 
[90mâ”Œâ”€â”€â”€â”€â”€â”€â”€â”€â”¬â”€â”€â”€â”€â”€â”€â”€â”€â”€â”€â”[39m
[90mâ”‚[39m[31m Method [39m[90mâ”‚[39m[31m Endpoint [39m[90mâ”‚[39m
[90mâ”œâ”€â”€â”€â”€â”€â”€â”€â”€â”¼â”€â”€â”€â”€â”€â”€â”€â”€â”€â”€â”¤[39m
[90mâ”‚[39m[31m GET    [39m[90mâ”‚[39m /api/v1/ [90mâ”‚[39m
[90mâ””â”€â”€â”€â”€â”€â”€â”€â”€â”´â”€â”€â”€â”€â”€â”€â”€â”€â”€â”€â”˜[39m
[INFO] - 09/10/2023, 03:57:04,338 - BOOT :: Registering routes done
[INFO] - 09/10/2023, 03:57:04,338 - BOOT :: Registering initializer started
[INFO] - 09/10/2023, 03:57:04,340 - BOOT :: Registered initializer : data
[INFO] - 09/10/2023, 03:57:04,342 - BOOT :: Registering initializer done
[INFO] - 09/10/2023, 03:57:04,344 - BOOT :: Booting application started
[INFO] - 09/10/2023, 03:57:04,347 - BOOT :: Booting application done
[INFO] - 09/10/2023, 03:57:04,413 - BOOT :: Listening on localhost:8080
