[INFO] - 09/10/2023, 03:54:53,32 - BOOT :: App is starting with environment :: dev
[INFO] - 09/10/2023, 03:54:53,76 - BOOT :: Initialising express app with tyboost
[INFO] - 09/10/2023, 03:54:53,81 - BOOT :: Registering core middleware started
[INFO] - 09/10/2023, 03:54:53,86 - BOOT :: Registered middleware : bodyParser
[INFO] - 09/10/2023, 03:54:53,89 - BOOT :: Registered middleware : cors(*)
[INFO] - 09/10/2023, 03:54:53,95 - BOOT :: Registered middleware : helmet
[INFO] - 09/10/2023, 03:54:53,96 - BOOT :: Registering core middleware done
[INFO] - 09/10/2023, 03:54:53,98 - BOOT :: Registering Applications And Services started
[INFO] - 09/10/2023, 03:54:53,99 - BOOT :: Registering applications & services done
[INFO] - 09/10/2023, 03:54:53,100 - BOOT :: Registering routes started
[INFO] - 09/10/2023, 03:54:53,101 - BOOT :: Registered following routes
[INFO] - 09/10/2023, 03:54:53,109 - 
[90mâ”Œâ”€â”€â”€â”€â”€â”€â”€â”€â”¬â”€â”€â”€â”€â”€â”€â”€â”€â”€â”€â”[39m
[90mâ”‚[39m[31m Method [39m[90mâ”‚[39m[31m Endpoint [39m[90mâ”‚[39m
[90mâ”œâ”€â”€â”€â”€â”€â”€â”€â”€â”¼â”€â”€â”€â”€â”€â”€â”€â”€â”€â”€â”¤[39m
[90mâ”‚[39m[31m GET    [39m[90mâ”‚[39m /api/v1/ [90mâ”‚[39m
[90mâ””â”€â”€â”€â”€â”€â”€â”€â”€â”´â”€â”€â”€â”€â”€â”€â”€â”€â”€â”€â”˜[39m
[INFO] - 09/10/2023, 03:54:53,111 - BOOT :: Registering routes done
[INFO] - 09/10/2023, 03:54:53,113 - BOOT :: Registering initializer started
[INFO] - 09/10/2023, 03:54:53,114 - BOOT :: Registered initializer : data
[INFO] - 09/10/2023, 03:54:53,115 - BOOT :: Registering initializer done
[INFO] - 09/10/2023, 03:54:53,116 - BOOT :: Booting application started
[INFO] - 09/10/2023, 03:54:53,120 - BOOT :: Booting application done
[INFO] - 09/10/2023, 03:54:53,195 - BOOT :: Listening on localhost:8080
