[INFO] - 09/10/2023, 03:55:29,141 - BOOT :: App is starting with environment :: dev
[INFO] - 09/10/2023, 03:55:29,189 - BOOT :: Initialising express app with tyboost
[INFO] - 09/10/2023, 03:55:29,192 - BOOT :: Registering core middleware started
[INFO] - 09/10/2023, 03:55:29,194 - BOOT :: Registered middleware : bodyParser
[INFO] - 09/10/2023, 03:55:29,197 - BOOT :: Registered middleware : cors(*)
[INFO] - 09/10/2023, 03:55:29,203 - BOOT :: Registered middleware : helmet
[INFO] - 09/10/2023, 03:55:29,203 - BOOT :: Registering core middleware done
[INFO] - 09/10/2023, 03:55:29,206 - BOOT :: Registering Applications And Services started
[INFO] - 09/10/2023, 03:55:29,207 - BOOT :: Registering applications & services done
[INFO] - 09/10/2023, 03:55:29,208 - BOOT :: Registering routes started
[INFO] - 09/10/2023, 03:55:29,209 - BOOT :: Registered following routes
[INFO] - 09/10/2023, 03:55:29,216 - 
[90mâ”Œâ”€â”€â”€â”€â”€â”€â”€â”€â”¬â”€â”€â”€â”€â”€â”€â”€â”€â”€â”€â”[39m
[90mâ”‚[39m[31m Method [39m[90mâ”‚[39m[31m Endpoint [39m[90mâ”‚[39m
[90mâ”œâ”€â”€â”€â”€â”€â”€â”€â”€â”¼â”€â”€â”€â”€â”€â”€â”€â”€â”€â”€â”¤[39m
[90mâ”‚[39m[31m GET    [39m[90mâ”‚[39m /api/v1/ [90mâ”‚[39m
[90mâ””â”€â”€â”€â”€â”€â”€â”€â”€â”´â”€â”€â”€â”€â”€â”€â”€â”€â”€â”€â”˜[39m
[INFO] - 09/10/2023, 03:55:29,218 - BOOT :: Registering routes done
[INFO] - 09/10/2023, 03:55:29,219 - BOOT :: Registering initializer started
[INFO] - 09/10/2023, 03:55:29,221 - BOOT :: Registered initializer : data
[INFO] - 09/10/2023, 03:55:29,222 - BOOT :: Registering initializer done
[INFO] - 09/10/2023, 03:55:29,223 - BOOT :: Booting application started
[INFO] - 09/10/2023, 03:55:29,228 - BOOT :: Booting application done
[INFO] - 09/10/2023, 03:55:29,304 - BOOT :: Listening on localhost:8080
