[INFO] - 09/10/2023, 03:43:20,556 - BOOT :: App is starting with environment :: dev
[INFO] - 09/10/2023, 03:43:20,586 - BOOT :: Initialising express app with tyboost
[INFO] - 09/10/2023, 03:43:20,590 - BOOT :: Registering core middleware started
[INFO] - 09/10/2023, 03:43:20,593 - BOOT :: Registered middleware : bodyParser
[INFO] - 09/10/2023, 03:43:20,595 - BOOT :: Registered middleware : cors(*)
[INFO] - 09/10/2023, 03:43:20,599 - BOOT :: Registered middleware : helmet
[INFO] - 09/10/2023, 03:43:20,599 - BOOT :: Registering core middleware done
[INFO] - 09/10/2023, 03:43:20,601 - BOOT :: Registering Applications And Services started
[INFO] - 09/10/2023, 03:43:20,602 - BOOT :: Registering applications & services done
[INFO] - 09/10/2023, 03:43:20,602 - BOOT :: Registering routes started
[INFO] - 09/10/2023, 03:43:20,603 - BOOT :: Registered following routes
[INFO] - 09/10/2023, 03:43:20,612 - 
[90mâ”Œâ”€â”€â”€â”€â”€â”€â”€â”€â”¬â”€â”€â”€â”€â”€â”€â”€â”€â”€â”€â”[39m
[90mâ”‚[39m[31m Method [39m[90mâ”‚[39m[31m Endpoint [39m[90mâ”‚[39m
[90mâ”œâ”€â”€â”€â”€â”€â”€â”€â”€â”¼â”€â”€â”€â”€â”€â”€â”€â”€â”€â”€â”¤[39m
[90mâ”‚[39m[31m GET    [39m[90mâ”‚[39m /api/v1/ [90mâ”‚[39m
[90mâ””â”€â”€â”€â”€â”€â”€â”€â”€â”´â”€â”€â”€â”€â”€â”€â”€â”€â”€â”€â”˜[39m
[INFO] - 09/10/2023, 03:43:20,613 - BOOT :: Registering routes done
[INFO] - 09/10/2023, 03:43:20,614 - BOOT :: Registering initializer started
[INFO] - 09/10/2023, 03:43:20,616 - BOOT :: Registered initializer : data
[INFO] - 09/10/2023, 03:43:20,616 - BOOT :: Registering initializer done
[INFO] - 09/10/2023, 03:43:20,617 - BOOT :: Booting application started
[INFO] - 09/10/2023, 03:43:20,620 - BOOT :: Booting application done
[INFO] - 09/10/2023, 03:43:20,689 - BOOT :: Listening on localhost:8080
