[INFO] - 09/10/2023, 04:31:10,402 - MicroService :: MicroService is starting with environment :: dev
[INFO] - 09/10/2023, 04:31:10,441 - MicroService :: Initialising express MicroService with tyboost
[INFO] - 09/10/2023, 04:31:10,445 - MicroService :: Initiating MicroService
[INFO] - 09/10/2023, 04:31:10,447 - BOOT :: Registering core middleware started
[INFO] - 09/10/2023, 04:31:10,451 - BOOT :: Registered middleware : bodyParser
[INFO] - 09/10/2023, 04:31:10,454 - BOOT :: Registered middleware : cors(*)
[INFO] - 09/10/2023, 04:31:10,456 - BOOT :: Registered middleware : helmet
[INFO] - 09/10/2023, 04:31:10,458 - BOOT :: Registering core middleware done
[INFO] - 09/10/2023, 04:31:10,459 - BOOT :: Registering Applications And Services started
[INFO] - 09/10/2023, 04:31:10,460 - BOOT :: Registering applications & services done
[INFO] - 09/10/2023, 04:31:10,460 - BOOT :: Registering routes started
[INFO] - 09/10/2023, 04:31:10,461 - BOOT :: Registered following routes
[INFO] - 09/10/2023, 04:31:10,465 - 
[90mâ”Œâ”€â”€â”€â”€â”€â”€â”€â”€â”¬â”€â”€â”€â”€â”€â”€â”€â”€â”€â”€â”[39m
[90mâ”‚[39m[31m Method [39m[90mâ”‚[39m[31m Endpoint [39m[90mâ”‚[39m
[90mâ”œâ”€â”€â”€â”€â”€â”€â”€â”€â”¼â”€â”€â”€â”€â”€â”€â”€â”€â”€â”€â”¤[39m
[90mâ”‚[39m[31m GET    [39m[90mâ”‚[39m /api/v1/ [90mâ”‚[39m
[90mâ””â”€â”€â”€â”€â”€â”€â”€â”€â”´â”€â”€â”€â”€â”€â”€â”€â”€â”€â”€â”˜[39m
[INFO] - 09/10/2023, 04:31:10,466 - BOOT :: Registering routes done
[INFO] - 09/10/2023, 04:31:10,467 - BOOT :: Registering initializer started
[INFO] - 09/10/2023, 04:31:10,468 - BOOT :: Registered initializer : data
[INFO] - 09/10/2023, 04:31:10,468 - BOOT :: Registering initializer done
[INFO] - 09/10/2023, 04:31:10,469 - BOOT :: Booting application started
[INFO] - 09/10/2023, 04:31:10,471 - BOOT :: Boot Process Id 3100
[INFO] - 09/10/2023, 04:31:10,476 - BOOT :: Booting application done
[INFO] - 09/10/2023, 04:31:10,545 - BOOT :: Listening on localhost:8080
