[INFO] - 09/10/2023, 03:58:29,446 - BOOT :: App is starting with environment :: dev
[INFO] - 09/10/2023, 03:58:29,485 - BOOT :: Initialising express app with tyboost
[INFO] - 09/10/2023, 03:58:29,487 - BOOT :: Registering core middleware started
[INFO] - 09/10/2023, 03:58:29,491 - BOOT :: Registered middleware : bodyParser
[INFO] - 09/10/2023, 03:58:29,494 - BOOT :: Registered middleware : cors(*)
[INFO] - 09/10/2023, 03:58:29,498 - BOOT :: Registered middleware : helmet
[INFO] - 09/10/2023, 03:58:29,498 - BOOT :: Registering core middleware done
[INFO] - 09/10/2023, 03:58:29,500 - BOOT :: Registering Applications And Services started
[INFO] - 09/10/2023, 03:58:29,501 - BOOT :: Registering applications & services done
[INFO] - 09/10/2023, 03:58:29,502 - BOOT :: Registering routes started
[INFO] - 09/10/2023, 03:58:29,502 - BOOT :: Registered following routes
[INFO] - 09/10/2023, 03:58:29,507 - 
[90mâ”Œâ”€â”€â”€â”€â”€â”€â”€â”€â”¬â”€â”€â”€â”€â”€â”€â”€â”€â”€â”€â”[39m
[90mâ”‚[39m[31m Method [39m[90mâ”‚[39m[31m Endpoint [39m[90mâ”‚[39m
[90mâ”œâ”€â”€â”€â”€â”€â”€â”€â”€â”¼â”€â”€â”€â”€â”€â”€â”€â”€â”€â”€â”¤[39m
[90mâ”‚[39m[31m GET    [39m[90mâ”‚[39m /api/v1/ [90mâ”‚[39m
[90mâ””â”€â”€â”€â”€â”€â”€â”€â”€â”´â”€â”€â”€â”€â”€â”€â”€â”€â”€â”€â”˜[39m
[INFO] - 09/10/2023, 03:58:29,509 - BOOT :: Registering routes done
[INFO] - 09/10/2023, 03:58:29,516 - BOOT :: Registering initializer started
[INFO] - 09/10/2023, 03:58:29,519 - BOOT :: Registered initializer : data
[INFO] - 09/10/2023, 03:58:29,521 - BOOT :: Registering initializer done
[INFO] - 09/10/2023, 03:58:29,522 - BOOT :: Booting application started
[INFO] - 09/10/2023, 03:58:29,528 - BOOT :: Booting application done
[INFO] - 09/10/2023, 03:58:29,609 - BOOT :: Listening on localhost:8080
