[INFO] - 09/10/2023, 03:59:33,138 - BOOT :: App is starting with environment :: dev
[INFO] - 09/10/2023, 03:59:33,234 - BOOT :: Initialising express app with tyboost
[INFO] - 09/10/2023, 03:59:33,257 - BOOT :: Registering core middleware started
[INFO] - 09/10/2023, 03:59:33,273 - BOOT :: Registered middleware : bodyParser
[INFO] - 09/10/2023, 03:59:33,286 - BOOT :: Registered middleware : cors(*)
[INFO] - 09/10/2023, 03:59:33,304 - BOOT :: Registered middleware : helmet
[INFO] - 09/10/2023, 03:59:33,308 - BOOT :: Registering core middleware done
[INFO] - 09/10/2023, 03:59:33,334 - BOOT :: Registering Applications And Services started
[INFO] - 09/10/2023, 03:59:33,339 - BOOT :: Registering applications & services done
[INFO] - 09/10/2023, 03:59:33,358 - BOOT :: Registering routes started
[INFO] - 09/10/2023, 03:59:33,376 - BOOT :: Registered following routes
[INFO] - 09/10/2023, 03:59:33,402 - 
[90mâ”Œâ”€â”€â”€â”€â”€â”€â”€â”€â”¬â”€â”€â”€â”€â”€â”€â”€â”€â”€â”€â”[39m
[90mâ”‚[39m[31m Method [39m[90mâ”‚[39m[31m Endpoint [39m[90mâ”‚[39m
[90mâ”œâ”€â”€â”€â”€â”€â”€â”€â”€â”¼â”€â”€â”€â”€â”€â”€â”€â”€â”€â”€â”¤[39m
[90mâ”‚[39m[31m GET    [39m[90mâ”‚[39m /api/v1/ [90mâ”‚[39m
[90mâ””â”€â”€â”€â”€â”€â”€â”€â”€â”´â”€â”€â”€â”€â”€â”€â”€â”€â”€â”€â”˜[39m
[INFO] - 09/10/2023, 03:59:33,407 - BOOT :: Registering routes done
[INFO] - 09/10/2023, 03:59:33,435 - BOOT :: Registering initializer started
[INFO] - 09/10/2023, 03:59:33,443 - BOOT :: Registered initializer : data
[INFO] - 09/10/2023, 03:59:33,472 - BOOT :: Registering initializer done
[INFO] - 09/10/2023, 03:59:33,484 - BOOT :: Booting application started
[INFO] - 09/10/2023, 03:59:33,511 - BOOT :: Booting application done
[INFO] - 09/10/2023, 03:59:33,608 - BOOT :: Listening on localhost:8080
