[INFO] - 09/10/2023, 03:44:36,390 - BOOT :: App is starting with environment :: dev
[INFO] - 09/10/2023, 03:44:36,430 - BOOT :: Initialising express app with tyboost
[INFO] - 09/10/2023, 03:44:36,434 - BOOT :: Registering core middleware started
[INFO] - 09/10/2023, 03:44:36,441 - BOOT :: Registered middleware : bodyParser
[INFO] - 09/10/2023, 03:44:36,444 - BOOT :: Registered middleware : cors(*)
[INFO] - 09/10/2023, 03:44:36,447 - BOOT :: Registered middleware : helmet
[INFO] - 09/10/2023, 03:44:36,449 - BOOT :: Registering core middleware done
[INFO] - 09/10/2023, 03:44:36,451 - BOOT :: Registering Applications And Services started
[INFO] - 09/10/2023, 03:44:36,452 - BOOT :: Registering applications & services done
[INFO] - 09/10/2023, 03:44:36,453 - BOOT :: Registering routes started
[INFO] - 09/10/2023, 03:44:36,459 - BOOT :: Registered following routes
[INFO] - 09/10/2023, 03:44:36,467 - 
[90mâ”Œâ”€â”€â”€â”€â”€â”€â”€â”€â”¬â”€â”€â”€â”€â”€â”€â”€â”€â”€â”€â”[39m
[90mâ”‚[39m[31m Method [39m[90mâ”‚[39m[31m Endpoint [39m[90mâ”‚[39m
[90mâ”œâ”€â”€â”€â”€â”€â”€â”€â”€â”¼â”€â”€â”€â”€â”€â”€â”€â”€â”€â”€â”¤[39m
[90mâ”‚[39m[31m GET    [39m[90mâ”‚[39m /api/v1/ [90mâ”‚[39m
[90mâ””â”€â”€â”€â”€â”€â”€â”€â”€â”´â”€â”€â”€â”€â”€â”€â”€â”€â”€â”€â”˜[39m
[INFO] - 09/10/2023, 03:44:36,469 - BOOT :: Registering routes done
[INFO] - 09/10/2023, 03:44:36,469 - BOOT :: Registering initializer started
[INFO] - 09/10/2023, 03:44:36,477 - BOOT :: Registered initializer : data
[INFO] - 09/10/2023, 03:44:36,479 - BOOT :: Registering initializer done
[INFO] - 09/10/2023, 03:44:36,479 - BOOT :: Booting application started
[INFO] - 09/10/2023, 03:44:36,484 - BOOT :: Booting application done
[INFO] - 09/10/2023, 03:44:36,569 - BOOT :: Listening on localhost:8080
