[INFO] - 09/10/2023, 03:56:30,610 - BOOT :: App is starting with environment :: dev
[INFO] - 09/10/2023, 03:56:30,642 - BOOT :: Initialising express app with tyboost
[INFO] - 09/10/2023, 03:56:30,647 - BOOT :: Registering core middleware started
[INFO] - 09/10/2023, 03:56:30,651 - BOOT :: Registered middleware : bodyParser
[INFO] - 09/10/2023, 03:56:30,653 - BOOT :: Registered middleware : cors(*)
[INFO] - 09/10/2023, 03:56:30,656 - BOOT :: Registered middleware : helmet
[INFO] - 09/10/2023, 03:56:30,657 - BOOT :: Registering core middleware done
[INFO] - 09/10/2023, 03:56:30,658 - BOOT :: Registering Applications And Services started
[INFO] - 09/10/2023, 03:56:30,664 - BOOT :: Registering applications & services done
[INFO] - 09/10/2023, 03:56:30,666 - BOOT :: Registering routes started
[INFO] - 09/10/2023, 03:56:30,668 - BOOT :: Registered following routes
[INFO] - 09/10/2023, 03:56:30,674 - 
[90mâ”Œâ”€â”€â”€â”€â”€â”€â”€â”€â”¬â”€â”€â”€â”€â”€â”€â”€â”€â”€â”€â”[39m
[90mâ”‚[39m[31m Method [39m[90mâ”‚[39m[31m Endpoint [39m[90mâ”‚[39m
[90mâ”œâ”€â”€â”€â”€â”€â”€â”€â”€â”¼â”€â”€â”€â”€â”€â”€â”€â”€â”€â”€â”¤[39m
[90mâ”‚[39m[31m GET    [39m[90mâ”‚[39m /api/v1/ [90mâ”‚[39m
[90mâ””â”€â”€â”€â”€â”€â”€â”€â”€â”´â”€â”€â”€â”€â”€â”€â”€â”€â”€â”€â”˜[39m
[INFO] - 09/10/2023, 03:56:30,676 - BOOT :: Registering routes done
[INFO] - 09/10/2023, 03:56:30,679 - BOOT :: Registering initializer started
[INFO] - 09/10/2023, 03:56:30,683 - BOOT :: Registered initializer : data
[INFO] - 09/10/2023, 03:56:30,685 - BOOT :: Registering initializer done
[INFO] - 09/10/2023, 03:56:30,686 - BOOT :: Booting application started
[INFO] - 09/10/2023, 03:56:30,689 - BOOT :: Booting application done
[INFO] - 09/10/2023, 03:56:30,779 - BOOT :: Listening on localhost:8080
