[INFO] - 09/10/2023, 03:53:53,435 - BOOT :: App is starting with environment :: dev
[INFO] - 09/10/2023, 03:53:53,474 - BOOT :: Initialising express app with tyboost
[INFO] - 09/10/2023, 03:53:53,476 - BOOT :: Registering core middleware started
[INFO] - 09/10/2023, 03:53:53,479 - BOOT :: Registered middleware : bodyParser
[INFO] - 09/10/2023, 03:53:53,481 - BOOT :: Registered middleware : cors(*)
[INFO] - 09/10/2023, 03:53:53,491 - BOOT :: Registered middleware : helmet
[INFO] - 09/10/2023, 03:53:53,492 - BOOT :: Registering core middleware done
[INFO] - 09/10/2023, 03:53:53,494 - BOOT :: Registering Applications And Services started
[INFO] - 09/10/2023, 03:53:53,495 - BOOT :: Registering applications & services done
[INFO] - 09/10/2023, 03:53:53,496 - BOOT :: Registering routes started
[INFO] - 09/10/2023, 03:53:53,497 - BOOT :: Registered following routes
[INFO] - 09/10/2023, 03:53:53,505 - 
[90mâ”Œâ”€â”€â”€â”€â”€â”€â”€â”€â”¬â”€â”€â”€â”€â”€â”€â”€â”€â”€â”€â”[39m
[90mâ”‚[39m[31m Method [39m[90mâ”‚[39m[31m Endpoint [39m[90mâ”‚[39m
[90mâ”œâ”€â”€â”€â”€â”€â”€â”€â”€â”¼â”€â”€â”€â”€â”€â”€â”€â”€â”€â”€â”¤[39m
[90mâ”‚[39m[31m GET    [39m[90mâ”‚[39m /api/v1/ [90mâ”‚[39m
[90mâ””â”€â”€â”€â”€â”€â”€â”€â”€â”´â”€â”€â”€â”€â”€â”€â”€â”€â”€â”€â”˜[39m
[INFO] - 09/10/2023, 03:53:53,507 - BOOT :: Registering routes done
[INFO] - 09/10/2023, 03:53:53,508 - BOOT :: Registering initializer started
[INFO] - 09/10/2023, 03:53:53,510 - BOOT :: Registered initializer : data
[INFO] - 09/10/2023, 03:53:53,511 - BOOT :: Registering initializer done
[INFO] - 09/10/2023, 03:53:53,511 - BOOT :: Booting application started
[INFO] - 09/10/2023, 03:53:53,517 - BOOT :: Booting application done
[INFO] - 09/10/2023, 03:53:53,609 - BOOT :: Listening on localhost:8080
