[INFO] - 09/10/2023, 04:31:43,124 - MicroService :: MicroService is starting with environment :: dev
[INFO] - 09/10/2023, 04:31:43,167 - MicroService :: Initialising express MicroService with tyboost
[INFO] - 09/10/2023, 04:31:43,170 - MicroService :: Initiating MicroService
[INFO] - 09/10/2023, 04:31:43,172 - BOOT :: Registering core middleware started
[INFO] - 09/10/2023, 04:31:43,176 - BOOT :: Registered middleware : bodyParser
[INFO] - 09/10/2023, 04:31:43,178 - BOOT :: Registered middleware : cors(*)
[INFO] - 09/10/2023, 04:31:43,184 - BOOT :: Registered middleware : helmet
[INFO] - 09/10/2023, 04:31:43,190 - BOOT :: Registering core middleware done
[INFO] - 09/10/2023, 04:31:43,191 - BOOT :: Registering Applications And Services started
[INFO] - 09/10/2023, 04:31:43,192 - BOOT :: Registering applications & services done
[INFO] - 09/10/2023, 04:31:43,195 - BOOT :: Registering routes started
[INFO] - 09/10/2023, 04:31:43,197 - BOOT :: Registered following routes
[INFO] - 09/10/2023, 04:31:43,206 - 
[90mâ”Œâ”€â”€â”€â”€â”€â”€â”€â”€â”¬â”€â”€â”€â”€â”€â”€â”€â”€â”€â”€â”[39m
[90mâ”‚[39m[31m Method [39m[90mâ”‚[39m[31m Endpoint [39m[90mâ”‚[39m
[90mâ”œâ”€â”€â”€â”€â”€â”€â”€â”€â”¼â”€â”€â”€â”€â”€â”€â”€â”€â”€â”€â”¤[39m
[90mâ”‚[39m[31m GET    [39m[90mâ”‚[39m /api/v1/ [90mâ”‚[39m
[90mâ””â”€â”€â”€â”€â”€â”€â”€â”€â”´â”€â”€â”€â”€â”€â”€â”€â”€â”€â”€â”˜[39m
[INFO] - 09/10/2023, 04:31:43,208 - BOOT :: Registering routes done
[INFO] - 09/10/2023, 04:31:43,209 - BOOT :: Registering initializer started
[INFO] - 09/10/2023, 04:31:43,211 - BOOT :: Registered initializer : data
[INFO] - 09/10/2023, 04:31:43,213 - BOOT :: Registering initializer done
[INFO] - 09/10/2023, 04:31:43,216 - BOOT :: Booting application started
[INFO] - 09/10/2023, 04:31:43,218 - BOOT :: Booting Process Id (15180)
[INFO] - 09/10/2023, 04:31:43,223 - BOOT :: Booting application done
[INFO] - 09/10/2023, 04:31:43,299 - BOOT :: Listening on localhost:8080
