[INFO] - 09/10/2023, 03:58:20,532 - BOOT :: App is starting with environment :: dev
[INFO] - 09/10/2023, 03:58:20,559 - BOOT :: Initialising express app with tyboost
[INFO] - 09/10/2023, 03:58:20,561 - BOOT :: Registering core middleware started
[INFO] - 09/10/2023, 03:58:20,564 - BOOT :: Registered middleware : bodyParser
[INFO] - 09/10/2023, 03:58:20,565 - BOOT :: Registered middleware : cors(*)
[INFO] - 09/10/2023, 03:58:20,568 - BOOT :: Registered middleware : helmet
[INFO] - 09/10/2023, 03:58:20,569 - BOOT :: Registering core middleware done
[INFO] - 09/10/2023, 03:58:20,571 - BOOT :: Registering Applications And Services started
[INFO] - 09/10/2023, 03:58:20,572 - BOOT :: Registering applications & services done
[INFO] - 09/10/2023, 03:58:20,574 - BOOT :: Registering routes started
[INFO] - 09/10/2023, 03:58:20,577 - BOOT :: Registered following routes
[INFO] - 09/10/2023, 03:58:20,582 - 
[90mâ”Œâ”€â”€â”€â”€â”€â”€â”€â”€â”¬â”€â”€â”€â”€â”€â”€â”€â”€â”€â”€â”[39m
[90mâ”‚[39m[31m Method [39m[90mâ”‚[39m[31m Endpoint [39m[90mâ”‚[39m
[90mâ”œâ”€â”€â”€â”€â”€â”€â”€â”€â”¼â”€â”€â”€â”€â”€â”€â”€â”€â”€â”€â”¤[39m
[90mâ”‚[39m[31m GET    [39m[90mâ”‚[39m /api/v1/ [90mâ”‚[39m
[90mâ””â”€â”€â”€â”€â”€â”€â”€â”€â”´â”€â”€â”€â”€â”€â”€â”€â”€â”€â”€â”˜[39m
[INFO] - 09/10/2023, 03:58:20,584 - BOOT :: Registering routes done
[INFO] - 09/10/2023, 03:58:20,585 - BOOT :: Registering initializer started
[INFO] - 09/10/2023, 03:58:20,586 - BOOT :: Registered initializer : data
[INFO] - 09/10/2023, 03:58:20,587 - BOOT :: Registering initializer done
[INFO] - 09/10/2023, 03:58:20,587 - BOOT :: Booting application started
[INFO] - 09/10/2023, 03:58:20,593 - BOOT :: Booting application done
[INFO] - 09/10/2023, 03:58:20,672 - BOOT :: Listening on localhost:8080
