[INFO] - 18/10/2023, 02:48:10,675 - MicroService :: MicroService is starting with environment :: dev
[INFO] - 18/10/2023, 02:48:10,721 - MicroService :: Initialising express MicroService with tyboost
[INFO] - 18/10/2023, 02:48:10,728 - MicroService :: Initiating MicroService
[INFO] - 18/10/2023, 02:48:10,732 - BOOT :: Registering core middleware started
[INFO] - 18/10/2023, 02:48:10,752 - BOOT :: Registered middleware : bodyParser
[INFO] - 18/10/2023, 02:48:10,762 - BOOT :: Registered middleware : cors(*)
[INFO] - 18/10/2023, 02:48:10,772 - BOOT :: Registered middleware : helmet
[INFO] - 18/10/2023, 02:48:10,774 - BOOT :: Registering core middleware done
[INFO] - 18/10/2023, 02:48:10,777 - BOOT :: Registering Prisma, ORM started
[INFO] - 18/10/2023, 02:48:10,919 - BOOT :: Registered Prisma
[INFO] - 18/10/2023, 02:48:10,921 - BOOT :: Registering Applications And Services started
[INFO] - 18/10/2023, 02:48:10,923 - BOOT :: Registering applications & services done
[INFO] - 18/10/2023, 02:48:10,924 - BOOT :: Registering routes started
[INFO] - 18/10/2023, 02:48:10,925 - BOOT :: Registered following routes
[INFO] - 18/10/2023, 02:48:10,932 - 
[90mâ”Œâ”€â”€â”€â”€â”€â”€â”€â”€â”¬â”€â”€â”€â”€â”€â”€â”€â”€â”€â”€â”[39m
[90mâ”‚[39m[31m Method [39m[90mâ”‚[39m[31m Endpoint [39m[90mâ”‚[39m
[90mâ”œâ”€â”€â”€â”€â”€â”€â”€â”€â”¼â”€â”€â”€â”€â”€â”€â”€â”€â”€â”€â”¤[39m
[90mâ”‚[39m[31m GET    [39m[90mâ”‚[39m /api/v1/ [90mâ”‚[39m
[90mâ””â”€â”€â”€â”€â”€â”€â”€â”€â”´â”€â”€â”€â”€â”€â”€â”€â”€â”€â”€â”˜[39m
[INFO] - 18/10/2023, 02:48:10,935 - BOOT :: Registering routes done
[INFO] - 18/10/2023, 02:48:10,936 - BOOT :: Booting application started
[INFO] - 18/10/2023, 02:48:10,944 - BOOT :: Booting Process Id (23692)
[INFO] - 18/10/2023, 02:48:10,950 - BOOT :: Booting application done >>>
[INFO] - 18/10/2023, 02:48:11,12 - BOOT :: Listening on localhost:8080
