[INFO] - 09/10/2023, 03:50:54,797 - BOOT :: App is starting with environment :: dev
[INFO] - 09/10/2023, 03:50:54,826 - BOOT :: Initialising express app with tyboost
[INFO] - 09/10/2023, 03:50:54,829 - BOOT :: Registering core middleware started
[INFO] - 09/10/2023, 03:50:54,831 - BOOT :: Registered middleware : bodyParser
[INFO] - 09/10/2023, 03:50:54,834 - BOOT :: Registered middleware : cors(*)
[INFO] - 09/10/2023, 03:50:54,837 - BOOT :: Registered middleware : helmet
[INFO] - 09/10/2023, 03:50:54,837 - BOOT :: Registering core middleware done
[INFO] - 09/10/2023, 03:50:54,838 - BOOT :: Registering Applications And Services started
[INFO] - 09/10/2023, 03:50:54,839 - BOOT :: Registering applications & services done
[INFO] - 09/10/2023, 03:50:54,840 - BOOT :: Registering routes started
[INFO] - 09/10/2023, 03:50:54,841 - BOOT :: Registered following routes
[INFO] - 09/10/2023, 03:50:54,845 - 
[90mâ”Œâ”€â”€â”€â”€â”€â”€â”€â”€â”¬â”€â”€â”€â”€â”€â”€â”€â”€â”€â”€â”[39m
[90mâ”‚[39m[31m Method [39m[90mâ”‚[39m[31m Endpoint [39m[90mâ”‚[39m
[90mâ”œâ”€â”€â”€â”€â”€â”€â”€â”€â”¼â”€â”€â”€â”€â”€â”€â”€â”€â”€â”€â”¤[39m
[90mâ”‚[39m[31m GET    [39m[90mâ”‚[39m /api/v1/ [90mâ”‚[39m
[90mâ””â”€â”€â”€â”€â”€â”€â”€â”€â”´â”€â”€â”€â”€â”€â”€â”€â”€â”€â”€â”˜[39m
[INFO] - 09/10/2023, 03:50:54,846 - BOOT :: Registering routes done
[INFO] - 09/10/2023, 03:50:54,847 - BOOT :: Registering initializer started
[INFO] - 09/10/2023, 03:50:54,848 - BOOT :: Registered initializer : data
[INFO] - 09/10/2023, 03:50:54,850 - BOOT :: Registering initializer done
[INFO] - 09/10/2023, 03:50:54,851 - BOOT :: Booting application started
[INFO] - 09/10/2023, 03:50:54,858 - BOOT :: Booting application done
[INFO] - 09/10/2023, 03:50:54,930 - BOOT :: Listening on localhost:8080
