[INFO] - 18/10/2023, 03:00:42,545 - MicroService :: MicroService is starting with environment :: dev
[INFO] - 18/10/2023, 03:00:42,579 - MicroService :: Initialising express MicroService with tyboost
[INFO] - 18/10/2023, 03:00:42,583 - MicroService :: Initiating MicroService
[INFO] - 18/10/2023, 03:00:42,585 - BOOT :: Registering core middleware started
[INFO] - 18/10/2023, 03:00:42,589 - BOOT :: Registered middleware : bodyParser
[INFO] - 18/10/2023, 03:00:42,593 - BOOT :: Registered middleware : cors(*)
[INFO] - 18/10/2023, 03:00:42,600 - BOOT :: Registered middleware : helmet
[INFO] - 18/10/2023, 03:00:42,606 - BOOT :: Registering core middleware done
[INFO] - 18/10/2023, 03:00:42,609 - BOOT :: Registering Applications And Services started
[INFO] - 18/10/2023, 03:00:42,611 - BOOT :: Registering applications & services done
[INFO] - 18/10/2023, 03:00:42,612 - BOOT :: Registering routes started
[INFO] - 18/10/2023, 03:00:42,619 - BOOT :: Registered following routes
[INFO] - 18/10/2023, 03:00:42,628 - 
[90mâ”Œâ”€â”€â”€â”€â”€â”€â”€â”€â”¬â”€â”€â”€â”€â”€â”€â”€â”€â”€â”€â”[39m
[90mâ”‚[39m[31m Method [39m[90mâ”‚[39m[31m Endpoint [39m[90mâ”‚[39m
[90mâ”œâ”€â”€â”€â”€â”€â”€â”€â”€â”¼â”€â”€â”€â”€â”€â”€â”€â”€â”€â”€â”¤[39m
[90mâ”‚[39m[31m GET    [39m[90mâ”‚[39m /api/v1/ [90mâ”‚[39m
[90mâ””â”€â”€â”€â”€â”€â”€â”€â”€â”´â”€â”€â”€â”€â”€â”€â”€â”€â”€â”€â”˜[39m
[INFO] - 18/10/2023, 03:00:42,632 - BOOT :: Registering routes done
[INFO] - 18/10/2023, 03:00:42,635 - BOOT :: Registering initializer started
[INFO] - 18/10/2023, 03:00:42,640 - BOOT :: Registered initializer : data
[INFO] - 18/10/2023, 03:00:42,641 - BOOT :: Registering initializer done
[INFO] - 18/10/2023, 03:00:42,641 - BOOT :: Booting application started
[INFO] - 18/10/2023, 03:00:42,643 - BOOT :: Booting Process Id (18948)
[INFO] - 18/10/2023, 03:00:42,648 - BOOT :: Booting application done
[INFO] - 18/10/2023, 03:00:42,789 - BOOT :: Listening on localhost:8080
