[INFO] - 09/10/2023, 03:46:51,169 - BOOT :: App is starting with environment :: dev
[INFO] - 09/10/2023, 03:46:51,196 - BOOT :: Initialising express app with tyboost
[INFO] - 09/10/2023, 03:46:51,199 - BOOT :: Registering core middleware started
[INFO] - 09/10/2023, 03:46:51,201 - BOOT :: Registered middleware : bodyParser
[INFO] - 09/10/2023, 03:46:51,204 - BOOT :: Registered middleware : cors(*)
[INFO] - 09/10/2023, 03:46:51,207 - BOOT :: Registered middleware : helmet
[INFO] - 09/10/2023, 03:46:51,208 - BOOT :: Registering core middleware done
[INFO] - 09/10/2023, 03:46:51,209 - BOOT :: Registering Applications And Services started
[INFO] - 09/10/2023, 03:46:51,210 - BOOT :: Registering applications & services done
[INFO] - 09/10/2023, 03:46:51,211 - BOOT :: Registering routes started
[INFO] - 09/10/2023, 03:46:51,211 - BOOT :: Registered following routes
[INFO] - 09/10/2023, 03:46:51,216 - 
[90mâ”Œâ”€â”€â”€â”€â”€â”€â”€â”€â”¬â”€â”€â”€â”€â”€â”€â”€â”€â”€â”€â”[39m
[90mâ”‚[39m[31m Method [39m[90mâ”‚[39m[31m Endpoint [39m[90mâ”‚[39m
[90mâ”œâ”€â”€â”€â”€â”€â”€â”€â”€â”¼â”€â”€â”€â”€â”€â”€â”€â”€â”€â”€â”¤[39m
[90mâ”‚[39m[31m GET    [39m[90mâ”‚[39m /api/v1/ [90mâ”‚[39m
[90mâ””â”€â”€â”€â”€â”€â”€â”€â”€â”´â”€â”€â”€â”€â”€â”€â”€â”€â”€â”€â”˜[39m
[INFO] - 09/10/2023, 03:46:51,217 - BOOT :: Registering routes done
[INFO] - 09/10/2023, 03:46:51,218 - BOOT :: Registering initializer started
[INFO] - 09/10/2023, 03:46:51,219 - BOOT :: Registered initializer : data
[INFO] - 09/10/2023, 03:46:51,221 - BOOT :: Registering initializer done
[INFO] - 09/10/2023, 03:46:51,221 - BOOT :: Booting application started
[INFO] - 09/10/2023, 03:46:51,227 - BOOT :: Booting application done
[INFO] - 09/10/2023, 03:46:51,293 - BOOT :: Listening on localhost:8080
