[INFO] - 09/10/2023, 03:54:42,291 - BOOT :: App is starting with environment :: dev
[INFO] - 09/10/2023, 03:54:42,318 - BOOT :: Initialising express app with tyboost
[INFO] - 09/10/2023, 03:54:42,321 - BOOT :: Registering core middleware started
[INFO] - 09/10/2023, 03:54:42,324 - BOOT :: Registered middleware : bodyParser
[INFO] - 09/10/2023, 03:54:42,325 - BOOT :: Registered middleware : cors(*)
[INFO] - 09/10/2023, 03:54:42,331 - BOOT :: Registered middleware : helmet
[INFO] - 09/10/2023, 03:54:42,332 - BOOT :: Registering core middleware done
[INFO] - 09/10/2023, 03:54:42,333 - BOOT :: Registering Applications And Services started
[INFO] - 09/10/2023, 03:54:42,334 - BOOT :: Registering applications & services done
[INFO] - 09/10/2023, 03:54:42,335 - BOOT :: Registering routes started
[INFO] - 09/10/2023, 03:54:42,336 - BOOT :: Registered following routes
[INFO] - 09/10/2023, 03:54:42,340 - 
[90mâ”Œâ”€â”€â”€â”€â”€â”€â”€â”€â”¬â”€â”€â”€â”€â”€â”€â”€â”€â”€â”€â”[39m
[90mâ”‚[39m[31m Method [39m[90mâ”‚[39m[31m Endpoint [39m[90mâ”‚[39m
[90mâ”œâ”€â”€â”€â”€â”€â”€â”€â”€â”¼â”€â”€â”€â”€â”€â”€â”€â”€â”€â”€â”¤[39m
[90mâ”‚[39m[31m GET    [39m[90mâ”‚[39m /api/v1/ [90mâ”‚[39m
[90mâ””â”€â”€â”€â”€â”€â”€â”€â”€â”´â”€â”€â”€â”€â”€â”€â”€â”€â”€â”€â”˜[39m
[INFO] - 09/10/2023, 03:54:42,342 - BOOT :: Registering routes done
[INFO] - 09/10/2023, 03:54:42,343 - BOOT :: Registering initializer started
[INFO] - 09/10/2023, 03:54:42,343 - BOOT :: Registered initializer : data
[INFO] - 09/10/2023, 03:54:42,345 - BOOT :: Registering initializer done
[INFO] - 09/10/2023, 03:54:42,346 - BOOT :: Booting application started
[INFO] - 09/10/2023, 03:54:42,351 - BOOT :: Booting application done
[INFO] - 09/10/2023, 03:54:42,421 - BOOT :: Listening on localhost:8080
