[INFO] - 09/10/2023, 03:46:30,145 - BOOT :: App is starting with environment :: dev
[INFO] - 09/10/2023, 03:46:30,171 - BOOT :: Initialising express app with tyboost
[INFO] - 09/10/2023, 03:46:30,174 - BOOT :: Registering core middleware started
[INFO] - 09/10/2023, 03:46:30,176 - BOOT :: Registered middleware : bodyParser
[INFO] - 09/10/2023, 03:46:30,178 - BOOT :: Registered middleware : cors(*)
[INFO] - 09/10/2023, 03:46:30,181 - BOOT :: Registered middleware : helmet
[INFO] - 09/10/2023, 03:46:30,181 - BOOT :: Registering core middleware done
[INFO] - 09/10/2023, 03:46:30,182 - BOOT :: Registering Applications And Services started
[INFO] - 09/10/2023, 03:46:30,184 - BOOT :: Registering applications & services done
[INFO] - 09/10/2023, 03:46:30,185 - BOOT :: Registering routes started
[INFO] - 09/10/2023, 03:46:30,186 - BOOT :: Registered following routes
[INFO] - 09/10/2023, 03:46:30,194 - 
[90mâ”Œâ”€â”€â”€â”€â”€â”€â”€â”€â”¬â”€â”€â”€â”€â”€â”€â”€â”€â”€â”€â”[39m
[90mâ”‚[39m[31m Method [39m[90mâ”‚[39m[31m Endpoint [39m[90mâ”‚[39m
[90mâ”œâ”€â”€â”€â”€â”€â”€â”€â”€â”¼â”€â”€â”€â”€â”€â”€â”€â”€â”€â”€â”¤[39m
[90mâ”‚[39m[31m GET    [39m[90mâ”‚[39m /api/v1/ [90mâ”‚[39m
[90mâ””â”€â”€â”€â”€â”€â”€â”€â”€â”´â”€â”€â”€â”€â”€â”€â”€â”€â”€â”€â”˜[39m
[INFO] - 09/10/2023, 03:46:30,196 - BOOT :: Registering routes done
[INFO] - 09/10/2023, 03:46:30,197 - BOOT :: Registering initializer started
[INFO] - 09/10/2023, 03:46:30,198 - BOOT :: Registered initializer : data
[INFO] - 09/10/2023, 03:46:30,198 - BOOT :: Registering initializer done
[INFO] - 09/10/2023, 03:46:30,199 - BOOT :: Booting application started
[INFO] - 09/10/2023, 03:46:30,202 - BOOT :: Booting application done
[INFO] - 09/10/2023, 03:46:30,280 - BOOT :: Listening on localhost:8080
