[INFO] - 09/10/2023, 03:47:14,84 - BOOT :: App is starting with environment :: dev
[INFO] - 09/10/2023, 03:47:14,113 - BOOT :: Initialising express app with tyboost
[INFO] - 09/10/2023, 03:47:14,115 - BOOT :: Registering core middleware started
[INFO] - 09/10/2023, 03:47:14,118 - BOOT :: Registered middleware : bodyParser
[INFO] - 09/10/2023, 03:47:14,119 - BOOT :: Registered middleware : cors(*)
[INFO] - 09/10/2023, 03:47:14,122 - BOOT :: Registered middleware : helmet
[INFO] - 09/10/2023, 03:47:14,123 - BOOT :: Registering core middleware done
[INFO] - 09/10/2023, 03:47:14,124 - BOOT :: Registering Applications And Services started
[INFO] - 09/10/2023, 03:47:14,124 - BOOT :: Registering applications & services done
[INFO] - 09/10/2023, 03:47:14,126 - BOOT :: Registering routes started
[INFO] - 09/10/2023, 03:47:14,127 - BOOT :: Registered following routes
[INFO] - 09/10/2023, 03:47:14,133 - 
[90mâ”Œâ”€â”€â”€â”€â”€â”€â”€â”€â”¬â”€â”€â”€â”€â”€â”€â”€â”€â”€â”€â”[39m
[90mâ”‚[39m[31m Method [39m[90mâ”‚[39m[31m Endpoint [39m[90mâ”‚[39m
[90mâ”œâ”€â”€â”€â”€â”€â”€â”€â”€â”¼â”€â”€â”€â”€â”€â”€â”€â”€â”€â”€â”¤[39m
[90mâ”‚[39m[31m GET    [39m[90mâ”‚[39m /api/v1/ [90mâ”‚[39m
[90mâ””â”€â”€â”€â”€â”€â”€â”€â”€â”´â”€â”€â”€â”€â”€â”€â”€â”€â”€â”€â”˜[39m
[INFO] - 09/10/2023, 03:47:14,135 - BOOT :: Registering routes done
[INFO] - 09/10/2023, 03:47:14,136 - BOOT :: Registering initializer started
[INFO] - 09/10/2023, 03:47:14,137 - BOOT :: Registered initializer : data
[INFO] - 09/10/2023, 03:47:14,137 - BOOT :: Registering initializer done
[INFO] - 09/10/2023, 03:47:14,138 - BOOT :: Booting application started
[INFO] - 09/10/2023, 03:47:14,140 - BOOT :: Booting application done
[INFO] - 09/10/2023, 03:47:14,210 - BOOT :: Listening on localhost:8080
