[INFO] - 09/10/2023, 03:43:51,195 - BOOT :: App is starting with environment :: dev
[INFO] - 09/10/2023, 03:43:51,230 - BOOT :: Initialising express app with tyboost
[INFO] - 09/10/2023, 03:43:51,233 - BOOT :: Registering core middleware started
[INFO] - 09/10/2023, 03:43:51,237 - BOOT :: Registered middleware : bodyParser
[INFO] - 09/10/2023, 03:43:51,239 - BOOT :: Registered middleware : cors(*)
[INFO] - 09/10/2023, 03:43:51,248 - BOOT :: Registered middleware : helmet
[INFO] - 09/10/2023, 03:43:51,249 - BOOT :: Registering core middleware done
[INFO] - 09/10/2023, 03:43:51,251 - BOOT :: Registering Applications And Services started
[INFO] - 09/10/2023, 03:43:51,266 - BOOT :: Registering applications & services done
[INFO] - 09/10/2023, 03:43:51,268 - BOOT :: Registering routes started
[INFO] - 09/10/2023, 03:43:51,269 - BOOT :: Registered following routes
[INFO] - 09/10/2023, 03:43:51,276 - 
[90mâ”Œâ”€â”€â”€â”€â”€â”€â”€â”€â”¬â”€â”€â”€â”€â”€â”€â”€â”€â”€â”€â”[39m
[90mâ”‚[39m[31m Method [39m[90mâ”‚[39m[31m Endpoint [39m[90mâ”‚[39m
[90mâ”œâ”€â”€â”€â”€â”€â”€â”€â”€â”¼â”€â”€â”€â”€â”€â”€â”€â”€â”€â”€â”¤[39m
[90mâ”‚[39m[31m GET    [39m[90mâ”‚[39m /api/v1/ [90mâ”‚[39m
[90mâ””â”€â”€â”€â”€â”€â”€â”€â”€â”´â”€â”€â”€â”€â”€â”€â”€â”€â”€â”€â”˜[39m
[INFO] - 09/10/2023, 03:43:51,283 - BOOT :: Registering routes done
[INFO] - 09/10/2023, 03:43:51,285 - BOOT :: Registering initializer started
[INFO] - 09/10/2023, 03:43:51,286 - BOOT :: Registered initializer : data
[INFO] - 09/10/2023, 03:43:51,287 - BOOT :: Registering initializer done
[INFO] - 09/10/2023, 03:43:51,288 - BOOT :: Booting application started
[INFO] - 09/10/2023, 03:43:51,291 - BOOT :: Booting application done
[INFO] - 09/10/2023, 03:43:51,364 - BOOT :: Listening on localhost:8080
