[INFO] - 09/10/2023, 04:29:53,7 - MicroService :: MicroService is starting with environment :: dev
[INFO] - 09/10/2023, 04:29:53,65 - MicroService :: Initialising express MicroService with tyboost
[INFO] - 09/10/2023, 04:29:53,107 - MicroService :: Initiating MicroService
[INFO] - 09/10/2023, 04:29:53,125 - BOOT :: Registering core middleware started
[INFO] - 09/10/2023, 04:29:53,131 - BOOT :: Registered middleware : bodyParser
[INFO] - 09/10/2023, 04:29:53,136 - BOOT :: Registered middleware : cors(*)
[INFO] - 09/10/2023, 04:29:53,146 - BOOT :: Registered middleware : helmet
[INFO] - 09/10/2023, 04:29:53,148 - BOOT :: Registering core middleware done
[INFO] - 09/10/2023, 04:29:53,150 - BOOT :: Registering Applications And Services started
[INFO] - 09/10/2023, 04:29:53,152 - BOOT :: Registering applications & services done
[INFO] - 09/10/2023, 04:29:53,157 - BOOT :: Registering routes started
[INFO] - 09/10/2023, 04:29:53,163 - BOOT :: Registered following routes
[INFO] - 09/10/2023, 04:29:53,172 - 
[90mâ”Œâ”€â”€â”€â”€â”€â”€â”€â”€â”¬â”€â”€â”€â”€â”€â”€â”€â”€â”€â”€â”[39m
[90mâ”‚[39m[31m Method [39m[90mâ”‚[39m[31m Endpoint [39m[90mâ”‚[39m
[90mâ”œâ”€â”€â”€â”€â”€â”€â”€â”€â”¼â”€â”€â”€â”€â”€â”€â”€â”€â”€â”€â”¤[39m
[90mâ”‚[39m[31m GET    [39m[90mâ”‚[39m /api/v1/ [90mâ”‚[39m
[90mâ””â”€â”€â”€â”€â”€â”€â”€â”€â”´â”€â”€â”€â”€â”€â”€â”€â”€â”€â”€â”˜[39m
[INFO] - 09/10/2023, 04:29:53,174 - BOOT :: Registering routes done
[INFO] - 09/10/2023, 04:29:53,176 - BOOT :: Registering initializer started
[INFO] - 09/10/2023, 04:29:53,177 - BOOT :: Registered initializer : data
[INFO] - 09/10/2023, 04:29:53,177 - BOOT :: Registering initializer done
[INFO] - 09/10/2023, 04:29:53,177 - BOOT :: Booting application started
[INFO] - 09/10/2023, 04:29:53,178 - BOOT :: Booting application started with id 17508
[INFO] - 09/10/2023, 04:29:53,181 - BOOT :: Booting application done
[INFO] - 09/10/2023, 04:29:53,252 - BOOT :: Listening on localhost:8080
