[INFO] - 09/10/2023, 03:47:00,60 - BOOT :: App is starting with environment :: dev
[INFO] - 09/10/2023, 03:47:00,90 - BOOT :: Initialising express app with tyboost
[INFO] - 09/10/2023, 03:47:00,93 - BOOT :: Registering core middleware started
[INFO] - 09/10/2023, 03:47:00,95 - BOOT :: Registered middleware : bodyParser
[INFO] - 09/10/2023, 03:47:00,97 - BOOT :: Registered middleware : cors(*)
[INFO] - 09/10/2023, 03:47:00,100 - BOOT :: Registered middleware : helmet
[INFO] - 09/10/2023, 03:47:00,100 - BOOT :: Registering core middleware done
[INFO] - 09/10/2023, 03:47:00,101 - BOOT :: Registering Applications And Services started
[INFO] - 09/10/2023, 03:47:00,102 - BOOT :: Registering applications & services done
[INFO] - 09/10/2023, 03:47:00,104 - BOOT :: Registering routes started
[INFO] - 09/10/2023, 03:47:00,105 - BOOT :: Registered following routes
[INFO] - 09/10/2023, 03:47:00,111 - 
[90mâ”Œâ”€â”€â”€â”€â”€â”€â”€â”€â”¬â”€â”€â”€â”€â”€â”€â”€â”€â”€â”€â”[39m
[90mâ”‚[39m[31m Method [39m[90mâ”‚[39m[31m Endpoint [39m[90mâ”‚[39m
[90mâ”œâ”€â”€â”€â”€â”€â”€â”€â”€â”¼â”€â”€â”€â”€â”€â”€â”€â”€â”€â”€â”¤[39m
[90mâ”‚[39m[31m GET    [39m[90mâ”‚[39m /api/v1/ [90mâ”‚[39m
[90mâ””â”€â”€â”€â”€â”€â”€â”€â”€â”´â”€â”€â”€â”€â”€â”€â”€â”€â”€â”€â”˜[39m
[INFO] - 09/10/2023, 03:47:00,113 - BOOT :: Registering routes done
[INFO] - 09/10/2023, 03:47:00,114 - BOOT :: Registering initializer started
[INFO] - 09/10/2023, 03:47:00,115 - BOOT :: Registered initializer : data
[INFO] - 09/10/2023, 03:47:00,116 - BOOT :: Registering initializer done
[INFO] - 09/10/2023, 03:47:00,116 - BOOT :: Booting application started
[INFO] - 09/10/2023, 03:47:00,119 - BOOT :: Booting application done
[INFO] - 09/10/2023, 03:47:00,190 - BOOT :: Listening on localhost:8080
