[INFO] - 09/10/2023, 03:59:53,101 - BOOT :: App is starting with environment :: dev
[INFO] - 09/10/2023, 03:59:53,147 - BOOT :: Initialising express app with tyboost
[INFO] - 09/10/2023, 03:59:53,152 - BOOT :: Registering core middleware started
[INFO] - 09/10/2023, 03:59:53,157 - BOOT :: Registered middleware : bodyParser
[INFO] - 09/10/2023, 03:59:53,160 - BOOT :: Registered middleware : cors(*)
[INFO] - 09/10/2023, 03:59:53,166 - BOOT :: Registered middleware : helmet
[INFO] - 09/10/2023, 03:59:53,167 - BOOT :: Registering core middleware done
[INFO] - 09/10/2023, 03:59:53,169 - BOOT :: Registering Applications And Services started
[INFO] - 09/10/2023, 03:59:53,170 - BOOT :: Registering applications & services done
[INFO] - 09/10/2023, 03:59:53,175 - BOOT :: Registering routes started
[INFO] - 09/10/2023, 03:59:53,177 - BOOT :: Registered following routes
[INFO] - 09/10/2023, 03:59:53,187 - 
[90mâ”Œâ”€â”€â”€â”€â”€â”€â”€â”€â”¬â”€â”€â”€â”€â”€â”€â”€â”€â”€â”€â”[39m
[90mâ”‚[39m[31m Method [39m[90mâ”‚[39m[31m Endpoint [39m[90mâ”‚[39m
[90mâ”œâ”€â”€â”€â”€â”€â”€â”€â”€â”¼â”€â”€â”€â”€â”€â”€â”€â”€â”€â”€â”¤[39m
[90mâ”‚[39m[31m GET    [39m[90mâ”‚[39m /api/v1/ [90mâ”‚[39m
[90mâ””â”€â”€â”€â”€â”€â”€â”€â”€â”´â”€â”€â”€â”€â”€â”€â”€â”€â”€â”€â”˜[39m
[INFO] - 09/10/2023, 03:59:53,191 - BOOT :: Registering routes done
[INFO] - 09/10/2023, 03:59:53,196 - BOOT :: Registering initializer started
[INFO] - 09/10/2023, 03:59:53,199 - BOOT :: Registered initializer : data
[INFO] - 09/10/2023, 03:59:53,201 - BOOT :: Registering initializer done
[INFO] - 09/10/2023, 03:59:53,202 - BOOT :: Booting application started
[INFO] - 09/10/2023, 03:59:53,214 - BOOT :: Booting application done
[INFO] - 09/10/2023, 03:59:53,297 - BOOT :: Listening on localhost:8080
