[INFO] - 09/10/2023, 04:34:45,12 - MicroService :: MicroService is starting with environment :: dev
[INFO] - 09/10/2023, 04:34:45,36 - MicroService :: Initialising express MicroService with tyboost
[INFO] - 09/10/2023, 04:34:45,39 - MicroService :: Initiating MicroService
[INFO] - 09/10/2023, 04:34:45,40 - BOOT :: Registering core middleware started
[INFO] - 09/10/2023, 04:34:45,43 - BOOT :: Registered middleware : bodyParser
[INFO] - 09/10/2023, 04:34:45,45 - BOOT :: Registered middleware : cors(*)
[INFO] - 09/10/2023, 04:34:45,50 - BOOT :: Registered middleware : helmet
[INFO] - 09/10/2023, 04:34:45,51 - BOOT :: Registering core middleware done
[INFO] - 09/10/2023, 04:34:45,53 - BOOT :: Registering Applications And Services started
[INFO] - 09/10/2023, 04:34:45,54 - BOOT :: Registering applications & services done
[INFO] - 09/10/2023, 04:34:45,55 - BOOT :: Registering routes started
[INFO] - 09/10/2023, 04:34:45,56 - BOOT :: Registered following routes
[INFO] - 09/10/2023, 04:34:45,61 - 
[90mâ”Œâ”€â”€â”€â”€â”€â”€â”€â”€â”¬â”€â”€â”€â”€â”€â”€â”€â”€â”€â”€â”[39m
[90mâ”‚[39m[31m Method [39m[90mâ”‚[39m[31m Endpoint [39m[90mâ”‚[39m
[90mâ”œâ”€â”€â”€â”€â”€â”€â”€â”€â”¼â”€â”€â”€â”€â”€â”€â”€â”€â”€â”€â”¤[39m
[90mâ”‚[39m[31m GET    [39m[90mâ”‚[39m /api/v1/ [90mâ”‚[39m
[90mâ””â”€â”€â”€â”€â”€â”€â”€â”€â”´â”€â”€â”€â”€â”€â”€â”€â”€â”€â”€â”˜[39m
[INFO] - 09/10/2023, 04:34:45,64 - BOOT :: Registering routes done
[INFO] - 09/10/2023, 04:34:45,65 - BOOT :: Registering initializer started
[INFO] - 09/10/2023, 04:34:45,67 - BOOT :: Registered initializer : data
[INFO] - 09/10/2023, 04:34:45,68 - BOOT :: Registering initializer done
[INFO] - 09/10/2023, 04:34:45,70 - BOOT :: Booting application started
[INFO] - 09/10/2023, 04:34:45,71 - BOOT :: Booting Process Id (13640)
[INFO] - 09/10/2023, 04:34:45,73 - BOOT :: Booting application done
[INFO] - 09/10/2023, 04:34:45,154 - BOOT :: Listening on localhost:8080
